[       7ms] [ERROR] Loading the stylesheet 'https://fonts.googleapis.com/css2?family=Inter:wght@400;500;600;700&family=JetBrains+Mono:wght@400;500&display=swap' violates the following Content Security Policy directive: "style-src 'self' 'unsafe-inline'". Note that 'style-src-elem' was not explicitly set, so 'style-src' is used as a fallback. The action has been blocked. @ http://localhost:8282/:14
[      51ms] [ERROR] WebSocket connection to 'ws://localhost:8282/api/v1/ws' failed: HTTP Authentication failed; no valid credentials available @ http://localhost:8282/assets/index-wMl_A3Bv.js:10
[    1057ms] [ERROR] WebSocket connection to 'ws://localhost:8282/api/v1/ws' failed: HTTP Authentication failed; no valid credentials available @ http://localhost:8282/assets/index-wMl_A3Bv.js:10
[    3060ms] [ERROR] WebSocket connection to 'ws://localhost:8282/api/v1/ws' failed: HTTP Authentication failed; no valid credentials available @ http://localhost:8282/assets/index-wMl_A3Bv.js:10
[    7066ms] [ERROR] WebSocket connection to 'ws://localhost:8282/api/v1/ws' failed: HTTP Authentication failed; no valid credentials available @ http://localhost:8282/assets/index-wMl_A3Bv.js:10
[   15067ms] [ERROR] WebSocket connection to 'ws://localhost:8282/api/v1/ws' failed: HTTP Authentication failed; no valid credentials available @ http://localhost:8282/assets/index-wMl_A3Bv.js:10
[   31068ms] [ERROR] WebSocket connection to 'ws://localhost:8282/api/v1/ws' failed: HTTP Authentication failed; no valid credentials available @ http://localhost:8282/assets/index-wMl_A3Bv.js:10
[   61070ms] [ERROR] WebSocket connection to 'ws://localhost:8282/api/v1/ws' failed: HTTP Authentication failed; no valid credentials available @ http://localhost:8282/assets/index-wMl_A3Bv.js:10
[   91071ms] [ERROR] WebSocket connection to 'ws://localhost:8282/api/v1/ws' failed: HTTP Authentication failed; no valid credentials available @ http://localhost:8282/assets/index-wMl_A3Bv.js:10
[  121074ms] [ERROR] WebSocket connection to 'ws://localhost:8282/api/v1/ws' failed: HTTP Authentication failed; no valid credentials available @ http://localhost:8282/assets/index-wMl_A3Bv.js:10
[  151075ms] [ERROR] WebSocket connection to 'ws://localhost:8282/api/v1/ws' failed: HTTP Authentication failed; no valid credentials available @ http://localhost:8282/assets/index-wMl_A3Bv.js:10
[  181076ms] [ERROR] WebSocket connection to 'ws://localhost:8282/api/v1/ws' failed: HTTP Authentication failed; no valid credentials available @ http://localhost:8282/assets/index-wMl_A3Bv.js:10
[  211077ms] [ERROR] WebSocket connection to 'ws://localhost:8282/api/v1/ws' failed: HTTP Authentication failed; no valid credentials available @ http://localhost:8282/assets/index-wMl_A3Bv.js:10
[  241078ms] [ERROR] WebSocket connection to 'ws://localhost:8282/api/v1/ws' failed: HTTP Authentication failed; no valid credentials available @ http://localhost:8282/assets/index-wMl_A3Bv.js:10
[  271079ms] [ERROR] WebSocket connection to 'ws://localhost:8282/api/v1/ws' failed: HTTP Authentication failed; no valid credentials available @ http://localhost:8282/assets/index-wMl_A3Bv.js:10
[  301082ms] [ERROR] WebSocket connection to 'ws://localhost:8282/api/v1/ws' failed: HTTP Authentication failed; no valid credentials available @ http://localhost:8282/assets/index-wMl_A3Bv.js:10
[  331090ms] [ERROR] WebSocket connection to 'ws://localhost:8282/api/v1/ws' failed: HTTP Authentication failed; no valid credentials available @ http://localhost:8282/assets/index-wMl_A3Bv.js:10
[  361105ms] [ERROR] WebSocket connection to 'ws://localhost:8282/api/v1/ws' failed: HTTP Authentication failed; no valid credentials available @ http://localhost:8282/assets/index-wMl_A3Bv.js:10
[  391106ms] [ERROR] WebSocket connection to 'ws://localhost:8282/api/v1/ws' failed: HTTP Authentication failed; no valid credentials available @ http://localhost:8282/assets/index-wMl_A3Bv.js:10
[  421107ms] [ERROR] WebSocket connection to 'ws://localhost:8282/api/v1/ws' failed: HTTP Authentication failed; no valid credentials available @ http://localhost:8282/assets/index-wMl_A3Bv.js:10
[  451108ms] [ERROR] WebSocket connection to 'ws://localhost:8282/api/v1/ws' failed: HTTP Authentication failed; no valid credentials available @ http://localhost:8282/assets/index-wMl_A3Bv.js:10
[  481109ms] [ERROR] WebSocket connection to 'ws://localhost:8282/api/v1/ws' failed: HTTP Authentication failed; no valid credentials available @ http://localhost:8282/assets/index-wMl_A3Bv.js:10
