[      18ms] [ERROR] Loading the stylesheet 'https://fonts.googleapis.com/css2?family=Inter:wght@400;500;600;700&family=JetBrains+Mono:wght@400;500&display=swap' violates the following Content Security Policy directive: "style-src 'self' 'unsafe-inline'". Note that 'style-src-elem' was not explicitly set, so 'style-src' is used as a fallback. The action has been blocked. @ http://localhost:8282/:14
[      52ms] [ERROR] WebSocket connection to 'ws://localhost:8282/api/v1/ws' failed: HTTP Authentication failed; no valid credentials available @ http://localhost:8282/assets/index-N3E_O2wX.js:10
[    1099ms] [ERROR] WebSocket connection to 'ws://localhost:8282/api/v1/ws' failed: HTTP Authentication failed; no valid credentials available @ http://localhost:8282/assets/index-N3E_O2wX.js:10
[    3113ms] [ERROR] WebSocket connection to 'ws://localhost:8282/api/v1/ws' failed: HTTP Authentication failed; no valid credentials available @ http://localhost:8282/assets/index-N3E_O2wX.js:10
[    7135ms] [ERROR] WebSocket connection to 'ws://localhost:8282/api/v1/ws' failed: HTTP Authentication failed; no valid credentials available @ http://localhost:8282/assets/index-N3E_O2wX.js:10
[    7658ms] [ERROR] Loading the stylesheet 'https://fonts.googleapis.com/css2?family=Inter:wght@400;500;600;700&family=JetBrains+Mono:wght@400;500&display=swap' violates the following Content Security Policy directive: "style-src 'self' 'unsafe-inline'". Note that 'style-src-elem' was not explicitly set, so 'style-src' is used as a fallback. The action has been blocked. @ http://localhost:8282/:14
[    7761ms] [ERROR] WebSocket connection to 'ws://localhost:8282/api/v1/ws' failed: HTTP Authentication failed; no valid credentials available @ http://localhost:8282/assets/index-N3E_O2wX.js:10
[    8912ms] [ERROR] WebSocket connection to 'ws://localhost:8282/api/v1/ws' failed: HTTP Authentication failed; no valid credentials available @ http://localhost:8282/assets/index-N3E_O2wX.js:10
[   11488ms] [ERROR] WebSocket connection to 'ws://localhost:8282/api/v1/ws' failed: HTTP Authentication failed; no valid credentials available @ http://localhost:8282/assets/index-N3E_O2wX.js:10
[   15763ms] [ERROR] WebSocket connection to 'ws://localhost:8282/api/v1/ws' failed: HTTP Authentication failed; no valid credentials available @ http://localhost:8282/assets/index-N3E_O2wX.js:10
[   24329ms] [ERROR] WebSocket connection to 'ws://localhost:8282/api/v1/ws' failed: HTTP Authentication failed; no valid credentials available @ http://localhost:8282/assets/index-N3E_O2wX.js:10
[   43710ms] [ERROR] WebSocket connection to 'ws://localhost:8282/api/v1/ws' failed: HTTP Authentication failed; no valid credentials available @ http://localhost:8282/assets/index-N3E_O2wX.js:10
[   76545ms] [ERROR] WebSocket connection to 'ws://localhost:8282/api/v1/ws' failed: HTTP Authentication failed; no valid credentials available @ http://localhost:8282/assets/index-N3E_O2wX.js:10
[  106546ms] [ERROR] WebSocket connection to 'ws://localhost:8282/api/v1/ws' failed: HTTP Authentication failed; no valid credentials available @ http://localhost:8282/assets/index-N3E_O2wX.js:10
[  136547ms] [ERROR] WebSocket connection to 'ws://localhost:8282/api/v1/ws' failed: HTTP Authentication failed; no valid credentials available @ http://localhost:8282/assets/index-N3E_O2wX.js:10
[  166548ms] [ERROR] WebSocket connection to 'ws://localhost:8282/api/v1/ws' failed: HTTP Authentication failed; no valid credentials available @ http://localhost:8282/assets/index-N3E_O2wX.js:10
[  196550ms] [ERROR] WebSocket connection to 'ws://localhost:8282/api/v1/ws' failed: HTTP Authentication failed; no valid credentials available @ http://localhost:8282/assets/index-N3E_O2wX.js:10
[  226551ms] [ERROR] WebSocket connection to 'ws://localhost:8282/api/v1/ws' failed: HTTP Authentication failed; no valid credentials available @ http://localhost:8282/assets/index-N3E_O2wX.js:10
[  256552ms] [ERROR] WebSocket connection to 'ws://localhost:8282/api/v1/ws' failed: HTTP Authentication failed; no valid credentials available @ http://localhost:8282/assets/index-N3E_O2wX.js:10
[  286553ms] [ERROR] WebSocket connection to 'ws://localhost:8282/api/v1/ws' failed: HTTP Authentication failed; no valid credentials available @ http://localhost:8282/assets/index-N3E_O2wX.js:10
[  316555ms] [ERROR] WebSocket connection to 'ws://localhost:8282/api/v1/ws' failed: HTTP Authentication failed; no valid credentials available @ http://localhost:8282/assets/index-N3E_O2wX.js:10
[  346557ms] [ERROR] WebSocket connection to 'ws://localhost:8282/api/v1/ws' failed: HTTP Authentication failed; no valid credentials available @ http://localhost:8282/assets/index-N3E_O2wX.js:10
[  376562ms] [ERROR] WebSocket connection to 'ws://localhost:8282/api/v1/ws' failed: HTTP Authentication failed; no valid credentials available @ http://localhost:8282/assets/index-N3E_O2wX.js:10
[  406572ms] [ERROR] WebSocket connection to 'ws://localhost:8282/api/v1/ws' failed: HTTP Authentication failed; no valid credentials available @ http://localhost:8282/assets/index-N3E_O2wX.js:10
[  436591ms] [ERROR] WebSocket connection to 'ws://localhost:8282/api/v1/ws' failed: HTTP Authentication failed; no valid credentials available @ http://localhost:8282/assets/index-N3E_O2wX.js:10
[  466592ms] [ERROR] WebSocket connection to 'ws://localhost:8282/api/v1/ws' failed: HTTP Authentication failed; no valid credentials available @ http://localhost:8282/assets/index-N3E_O2wX.js:10
[  496593ms] [ERROR] WebSocket connection to 'ws://localhost:8282/api/v1/ws' failed: HTTP Authentication failed; no valid credentials available @ http://localhost:8282/assets/index-N3E_O2wX.js:10
[  526594ms] [ERROR] WebSocket connection to 'ws://localhost:8282/api/v1/ws' failed: HTTP Authentication failed; no valid credentials available @ http://localhost:8282/assets/index-N3E_O2wX.js:10
[  556595ms] [ERROR] WebSocket connection to 'ws://localhost:8282/api/v1/ws' failed: HTTP Authentication failed; no valid credentials available @ http://localhost:8282/assets/index-N3E_O2wX.js:10
[  586596ms] [ERROR] WebSocket connection to 'ws://localhost:8282/api/v1/ws' failed: HTTP Authentication failed; no valid credentials available @ http://localhost:8282/assets/index-N3E_O2wX.js:10
[  616600ms] [ERROR] WebSocket connection to 'ws://localhost:8282/api/v1/ws' failed: HTTP Authentication failed; no valid credentials available @ http://localhost:8282/assets/index-N3E_O2wX.js:10
[  646609ms] [ERROR] WebSocket connection to 'ws://localhost:8282/api/v1/ws' failed: HTTP Authentication failed; no valid credentials available @ http://localhost:8282/assets/index-N3E_O2wX.js:10
[  676628ms] [ERROR] WebSocket connection to 'ws://localhost:8282/api/v1/ws' failed: HTTP Authentication failed; no valid credentials available @ http://localhost:8282/assets/index-N3E_O2wX.js:10
[  706629ms] [ERROR] WebSocket connection to 'ws://localhost:8282/api/v1/ws' failed: HTTP Authentication failed; no valid credentials available @ http://localhost:8282/assets/index-N3E_O2wX.js:10
[  736630ms] [ERROR] WebSocket connection to 'ws://localhost:8282/api/v1/ws' failed: HTTP Authentication failed; no valid credentials available @ http://localhost:8282/assets/index-N3E_O2wX.js:10
[  766631ms] [ERROR] WebSocket connection to 'ws://localhost:8282/api/v1/ws' failed: HTTP Authentication failed; no valid credentials available @ http://localhost:8282/assets/index-N3E_O2wX.js:10
[  796633ms] [ERROR] WebSocket connection to 'ws://localhost:8282/api/v1/ws' failed: HTTP Authentication failed; no valid credentials available @ http://localhost:8282/assets/index-N3E_O2wX.js:10
[  826635ms] [ERROR] WebSocket connection to 'ws://localhost:8282/api/v1/ws' failed: HTTP Authentication failed; no valid credentials available @ http://localhost:8282/assets/index-N3E_O2wX.js:10
[  856638ms] [ERROR] WebSocket connection to 'ws://localhost:8282/api/v1/ws' failed: HTTP Authentication failed; no valid credentials available @ http://localhost:8282/assets/index-N3E_O2wX.js:10
[  886647ms] [ERROR] WebSocket connection to 'ws://localhost:8282/api/v1/ws' failed: HTTP Authentication failed; no valid credentials available @ http://localhost:8282/assets/index-N3E_O2wX.js:10
[  916660ms] [ERROR] WebSocket connection to 'ws://localhost:8282/api/v1/ws' failed: HTTP Authentication failed; no valid credentials available @ http://localhost:8282/assets/index-N3E_O2wX.js:10
[  946662ms] [ERROR] WebSocket connection to 'ws://localhost:8282/api/v1/ws' failed: HTTP Authentication failed; no valid credentials available @ http://localhost:8282/assets/index-N3E_O2wX.js:10
[  976663ms] [ERROR] WebSocket connection to 'ws://localhost:8282/api/v1/ws' failed: HTTP Authentication failed; no valid credentials available @ http://localhost:8282/assets/index-N3E_O2wX.js:10
[ 1006664ms] [ERROR] WebSocket connection to 'ws://localhost:8282/api/v1/ws' failed: HTTP Authentication failed; no valid credentials available @ http://localhost:8282/assets/index-N3E_O2wX.js:10
[ 1036665ms] [ERROR] WebSocket connection to 'ws://localhost:8282/api/v1/ws' failed: HTTP Authentication failed; no valid credentials available @ http://localhost:8282/assets/index-N3E_O2wX.js:10
[ 1066667ms] [ERROR] WebSocket connection to 'ws://localhost:8282/api/v1/ws' failed: HTTP Authentication failed; no valid credentials available @ http://localhost:8282/assets/index-N3E_O2wX.js:10
[ 1096670ms] [ERROR] WebSocket connection to 'ws://localhost:8282/api/v1/ws' failed: HTTP Authentication failed; no valid credentials available @ http://localhost:8282/assets/index-N3E_O2wX.js:10
[ 1126673ms] [ERROR] WebSocket connection to 'ws://localhost:8282/api/v1/ws' failed: HTTP Authentication failed; no valid credentials available @ http://localhost:8282/assets/index-N3E_O2wX.js:10
[ 1156682ms] [ERROR] WebSocket connection to 'ws://localhost:8282/api/v1/ws' failed: HTTP Authentication failed; no valid credentials available @ http://localhost:8282/assets/index-N3E_O2wX.js:10
[ 1186715ms] [ERROR] WebSocket connection to 'ws://localhost:8282/api/v1/ws' failed: HTTP Authentication failed; no valid credentials available @ http://localhost:8282/assets/index-N3E_O2wX.js:10
[ 1216717ms] [ERROR] WebSocket connection to 'ws://localhost:8282/api/v1/ws' failed: HTTP Authentication failed; no valid credentials available @ http://localhost:8282/assets/index-N3E_O2wX.js:10
[ 1246726ms] [ERROR] WebSocket connection to 'ws://localhost:8282/api/v1/ws' failed: HTTP Authentication failed; no valid credentials available @ http://localhost:8282/assets/index-N3E_O2wX.js:10
[ 1276736ms] [ERROR] WebSocket connection to 'ws://localhost:8282/api/v1/ws' failed: HTTP Authentication failed; no valid credentials available @ http://localhost:8282/assets/index-N3E_O2wX.js:10
[ 1306737ms] [ERROR] WebSocket connection to 'ws://localhost:8282/api/v1/ws' failed: HTTP Authentication failed; no valid credentials available @ http://localhost:8282/assets/index-N3E_O2wX.js:10
[ 1336738ms] [ERROR] WebSocket connection to 'ws://localhost:8282/api/v1/ws' failed: HTTP Authentication failed; no valid credentials available @ http://localhost:8282/assets/index-N3E_O2wX.js:10
[ 1366740ms] [ERROR] WebSocket connection to 'ws://localhost:8282/api/v1/ws' failed: HTTP Authentication failed; no valid credentials available @ http://localhost:8282/assets/index-N3E_O2wX.js:10
[ 1396741ms] [ERROR] WebSocket connection to 'ws://localhost:8282/api/v1/ws' failed: HTTP Authentication failed; no valid credentials available @ http://localhost:8282/assets/index-N3E_O2wX.js:10
[ 1426743ms] [ERROR] WebSocket connection to 'ws://localhost:8282/api/v1/ws' failed: HTTP Authentication failed; no valid credentials available @ http://localhost:8282/assets/index-N3E_O2wX.js:10
[ 1456747ms] [ERROR] WebSocket connection to 'ws://localhost:8282/api/v1/ws' failed: HTTP Authentication failed; no valid credentials available @ http://localhost:8282/assets/index-N3E_O2wX.js:10
[ 1486755ms] [ERROR] WebSocket connection to 'ws://localhost:8282/api/v1/ws' failed: HTTP Authentication failed; no valid credentials available @ http://localhost:8282/assets/index-N3E_O2wX.js:10
[ 1516762ms] [ERROR] WebSocket connection to 'ws://localhost:8282/api/v1/ws' failed: HTTP Authentication failed; no valid credentials available @ http://localhost:8282/assets/index-N3E_O2wX.js:10
[ 1546764ms] [ERROR] WebSocket connection to 'ws://localhost:8282/api/v1/ws' failed: HTTP Authentication failed; no valid credentials available @ http://localhost:8282/assets/index-N3E_O2wX.js:10
[ 1576765ms] [ERROR] WebSocket connection to 'ws://localhost:8282/api/v1/ws' failed: HTTP Authentication failed; no valid credentials available @ http://localhost:8282/assets/index-N3E_O2wX.js:10
[ 1606766ms] [ERROR] WebSocket connection to 'ws://localhost:8282/api/v1/ws' failed: HTTP Authentication failed; no valid credentials available @ http://localhost:8282/assets/index-N3E_O2wX.js:10
[ 1636767ms] [ERROR] WebSocket connection to 'ws://localhost:8282/api/v1/ws' failed: HTTP Authentication failed; no valid credentials available @ http://localhost:8282/assets/index-N3E_O2wX.js:10
[ 1666768ms] [ERROR] WebSocket connection to 'ws://localhost:8282/api/v1/ws' failed: HTTP Authentication failed; no valid credentials available @ http://localhost:8282/assets/index-N3E_O2wX.js:10
[ 1696771ms] [ERROR] WebSocket connection to 'ws://localhost:8282/api/v1/ws' failed: HTTP Authentication failed; no valid credentials available @ http://localhost:8282/assets/index-N3E_O2wX.js:10
[ 1726779ms] [ERROR] WebSocket connection to 'ws://localhost:8282/api/v1/ws' failed: HTTP Authentication failed; no valid credentials available @ http://localhost:8282/assets/index-N3E_O2wX.js:10
[ 1756791ms] [ERROR] WebSocket connection to 'ws://localhost:8282/api/v1/ws' failed: HTTP Authentication failed; no valid credentials available @ http://localhost:8282/assets/index-N3E_O2wX.js:10
[ 1786792ms] [ERROR] WebSocket connection to 'ws://localhost:8282/api/v1/ws' failed: HTTP Authentication failed; no valid credentials available @ http://localhost:8282/assets/index-N3E_O2wX.js:10
[ 1816793ms] [ERROR] WebSocket connection to 'ws://localhost:8282/api/v1/ws' failed: HTTP Authentication failed; no valid credentials available @ http://localhost:8282/assets/index-N3E_O2wX.js:10
[ 1846794ms] [ERROR] WebSocket connection to 'ws://localhost:8282/api/v1/ws' failed: HTTP Authentication failed; no valid credentials available @ http://localhost:8282/assets/index-N3E_O2wX.js:10
[ 1876795ms] [ERROR] WebSocket connection to 'ws://localhost:8282/api/v1/ws' failed: HTTP Authentication failed; no valid credentials available @ http://localhost:8282/assets/index-N3E_O2wX.js:10
[ 1906797ms] [ERROR] WebSocket connection to 'ws://localhost:8282/api/v1/ws' failed: HTTP Authentication failed; no valid credentials available @ http://localhost:8282/assets/index-N3E_O2wX.js:10
[ 1936803ms] [ERROR] WebSocket connection to 'ws://localhost:8282/api/v1/ws' failed: HTTP Authentication failed; no valid credentials available @ http://localhost:8282/assets/index-N3E_O2wX.js:10
[ 1966812ms] [ERROR] WebSocket connection to 'ws://localhost:8282/api/v1/ws' failed: HTTP Authentication failed; no valid credentials available @ http://localhost:8282/assets/index-N3E_O2wX.js:10
[ 1996827ms] [ERROR] WebSocket connection to 'ws://localhost:8282/api/v1/ws' failed: HTTP Authentication failed; no valid credentials available @ http://localhost:8282/assets/index-N3E_O2wX.js:10
[ 2026829ms] [ERROR] WebSocket connection to 'ws://localhost:8282/api/v1/ws' failed: HTTP Authentication failed; no valid credentials available @ http://localhost:8282/assets/index-N3E_O2wX.js:10
[ 2056830ms] [ERROR] WebSocket connection to 'ws://localhost:8282/api/v1/ws' failed: HTTP Authentication failed; no valid credentials available @ http://localhost:8282/assets/index-N3E_O2wX.js:10
[ 2086831ms] [ERROR] WebSocket connection to 'ws://localhost:8282/api/v1/ws' failed: HTTP Authentication failed; no valid credentials available @ http://localhost:8282/assets/index-N3E_O2wX.js:10
[ 2116833ms] [ERROR] WebSocket connection to 'ws://localhost:8282/api/v1/ws' failed: HTTP Authentication failed; no valid credentials available @ http://localhost:8282/assets/index-N3E_O2wX.js:10
[ 2146835ms] [ERROR] WebSocket connection to 'ws://localhost:8282/api/v1/ws' failed: HTTP Authentication failed; no valid credentials available @ http://localhost:8282/assets/index-N3E_O2wX.js:10
[ 2176840ms] [ERROR] WebSocket connection to 'ws://localhost:8282/api/v1/ws' failed: HTTP Authentication failed; no valid credentials available @ http://localhost:8282/assets/index-N3E_O2wX.js:10
[ 2206843ms] [ERROR] WebSocket connection to 'ws://localhost:8282/api/v1/ws' failed: HTTP Authentication failed; no valid credentials available @ http://localhost:8282/assets/index-N3E_O2wX.js:10
[ 2236856ms] [ERROR] WebSocket connection to 'ws://localhost:8282/api/v1/ws' failed: HTTP Authentication failed; no valid credentials available @ http://localhost:8282/assets/index-N3E_O2wX.js:10
[ 2266858ms] [ERROR] WebSocket connection to 'ws://localhost:8282/api/v1/ws' failed: HTTP Authentication failed; no valid credentials available @ http://localhost:8282/assets/index-N3E_O2wX.js:10
[ 2296859ms] [ERROR] WebSocket connection to 'ws://localhost:8282/api/v1/ws' failed: HTTP Authentication failed; no valid credentials available @ http://localhost:8282/assets/index-N3E_O2wX.js:10
[ 2326860ms] [ERROR] WebSocket connection to 'ws://localhost:8282/api/v1/ws' failed: HTTP Authentication failed; no valid credentials available @ http://localhost:8282/assets/index-N3E_O2wX.js:10
[ 2356861ms] [ERROR] WebSocket connection to 'ws://localhost:8282/api/v1/ws' failed: HTTP Authentication failed; no valid credentials available @ http://localhost:8282/assets/index-N3E_O2wX.js:10
[ 2386864ms] [ERROR] WebSocket connection to 'ws://localhost:8282/api/v1/ws' failed: HTTP Authentication failed; no valid credentials available @ http://localhost:8282/assets/index-N3E_O2wX.js:10
[ 2416869ms] [ERROR] WebSocket connection to 'ws://localhost:8282/api/v1/ws' failed: HTTP Authentication failed; no valid credentials available @ http://localhost:8282/assets/index-N3E_O2wX.js:10
[ 2446876ms] [ERROR] WebSocket connection to 'ws://localhost:8282/api/v1/ws' failed: HTTP Authentication failed; no valid credentials available @ http://localhost:8282/assets/index-N3E_O2wX.js:10
[ 2476888ms] [ERROR] WebSocket connection to 'ws://localhost:8282/api/v1/ws' failed: HTTP Authentication failed; no valid credentials available @ http://localhost:8282/assets/index-N3E_O2wX.js:10
[ 2506890ms] [ERROR] WebSocket connection to 'ws://localhost:8282/api/v1/ws' failed: HTTP Authentication failed; no valid credentials available @ http://localhost:8282/assets/index-N3E_O2wX.js:10
[ 2536891ms] [ERROR] WebSocket connection to 'ws://localhost:8282/api/v1/ws' failed: HTTP Authentication failed; no valid credentials available @ http://localhost:8282/assets/index-N3E_O2wX.js:10
[ 2566892ms] [ERROR] WebSocket connection to 'ws://localhost:8282/api/v1/ws' failed: HTTP Authentication failed; no valid credentials available @ http://localhost:8282/assets/index-N3E_O2wX.js:10
[ 2596894ms] [ERROR] WebSocket connection to 'ws://localhost:8282/api/v1/ws' failed: HTTP Authentication failed; no valid credentials available @ http://localhost:8282/assets/index-N3E_O2wX.js:10
[ 2626896ms] [ERROR] WebSocket connection to 'ws://localhost:8282/api/v1/ws' failed: HTTP Authentication failed; no valid credentials available @ http://localhost:8282/assets/index-N3E_O2wX.js:10
[ 2656901ms] [ERROR] WebSocket connection to 'ws://localhost:8282/api/v1/ws' failed: HTTP Authentication failed; no valid credentials available @ http://localhost:8282/assets/index-N3E_O2wX.js:10
[ 2686910ms] [ERROR] WebSocket connection to 'ws://localhost:8282/api/v1/ws' failed: HTTP Authentication failed; no valid credentials available @ http://localhost:8282/assets/index-N3E_O2wX.js:10
[ 2716921ms] [ERROR] WebSocket connection to 'ws://localhost:8282/api/v1/ws' failed: HTTP Authentication failed; no valid credentials available @ http://localhost:8282/assets/index-N3E_O2wX.js:10
[ 2746923ms] [ERROR] WebSocket connection to 'ws://localhost:8282/api/v1/ws' failed: HTTP Authentication failed; no valid credentials available @ http://localhost:8282/assets/index-N3E_O2wX.js:10
[ 2776932ms] [ERROR] WebSocket connection to 'ws://localhost:8282/api/v1/ws' failed: HTTP Authentication failed; no valid credentials available @ http://localhost:8282/assets/index-N3E_O2wX.js:10
[ 2806933ms] [ERROR] WebSocket connection to 'ws://localhost:8282/api/v1/ws' failed: HTTP Authentication failed; no valid credentials available @ http://localhost:8282/assets/index-N3E_O2wX.js:10
[ 2836934ms] [ERROR] WebSocket connection to 'ws://localhost:8282/api/v1/ws' failed: HTTP Authentication failed; no valid credentials available @ http://localhost:8282/assets/index-N3E_O2wX.js:10
[ 2866935ms] [ERROR] WebSocket connection to 'ws://localhost:8282/api/v1/ws' failed: HTTP Authentication failed; no valid credentials available @ http://localhost:8282/assets/index-N3E_O2wX.js:10
[ 2896945ms] [ERROR] WebSocket connection to 'ws://localhost:8282/api/v1/ws' failed: HTTP Authentication failed; no valid credentials available @ http://localhost:8282/assets/index-N3E_O2wX.js:10
[ 2926946ms] [ERROR] WebSocket connection to 'ws://localhost:8282/api/v1/ws' failed: HTTP Authentication failed; no valid credentials available @ http://localhost:8282/assets/index-N3E_O2wX.js:10
[ 2956948ms] [ERROR] WebSocket connection to 'ws://localhost:8282/api/v1/ws' failed: HTTP Authentication failed; no valid credentials available @ http://localhost:8282/assets/index-N3E_O2wX.js:10
[ 2986949ms] [ERROR] WebSocket connection to 'ws://localhost:8282/api/v1/ws' failed: HTTP Authentication failed; no valid credentials available @ http://localhost:8282/assets/index-N3E_O2wX.js:10
[ 3016950ms] [ERROR] WebSocket connection to 'ws://localhost:8282/api/v1/ws' failed: HTTP Authentication failed; no valid credentials available @ http://localhost:8282/assets/index-N3E_O2wX.js:10
[ 3046951ms] [ERROR] WebSocket connection to 'ws://localhost:8282/api/v1/ws' failed: HTTP Authentication failed; no valid credentials available @ http://localhost:8282/assets/index-N3E_O2wX.js:10
[ 3076954ms] [ERROR] WebSocket connection to 'ws://localhost:8282/api/v1/ws' failed: HTTP Authentication failed; no valid credentials available @ http://localhost:8282/assets/index-N3E_O2wX.js:10
[ 3106957ms] [ERROR] WebSocket connection to 'ws://localhost:8282/api/v1/ws' failed: HTTP Authentication failed; no valid credentials available @ http://localhost:8282/assets/index-N3E_O2wX.js:10
[ 3136961ms] [ERROR] WebSocket connection to 'ws://localhost:8282/api/v1/ws' failed: HTTP Authentication failed; no valid credentials available @ http://localhost:8282/assets/index-N3E_O2wX.js:10
[ 3166968ms] [ERROR] WebSocket connection to 'ws://localhost:8282/api/v1/ws' failed: HTTP Authentication failed; no valid credentials available @ http://localhost:8282/assets/index-N3E_O2wX.js:10
[ 3196980ms] [ERROR] WebSocket connection to 'ws://localhost:8282/api/v1/ws' failed: HTTP Authentication failed; no valid credentials available @ http://localhost:8282/assets/index-N3E_O2wX.js:10
[ 3226981ms] [ERROR] WebSocket connection to 'ws://localhost:8282/api/v1/ws' failed: HTTP Authentication failed; no valid credentials available @ http://localhost:8282/assets/index-N3E_O2wX.js:10
[ 3256982ms] [ERROR] WebSocket connection to 'ws://localhost:8282/api/v1/ws' failed: HTTP Authentication failed; no valid credentials available @ http://localhost:8282/assets/index-N3E_O2wX.js:10
[ 3286983ms] [ERROR] WebSocket connection to 'ws://localhost:8282/api/v1/ws' failed: HTTP Authentication failed; no valid credentials available @ http://localhost:8282/assets/index-N3E_O2wX.js:10
[ 3316993ms] [ERROR] WebSocket connection to 'ws://localhost:8282/api/v1/ws' failed: HTTP Authentication failed; no valid credentials available @ http://localhost:8282/assets/index-N3E_O2wX.js:10
[ 3346995ms] [ERROR] WebSocket connection to 'ws://localhost:8282/api/v1/ws' failed: HTTP Authentication failed; no valid credentials available @ http://localhost:8282/assets/index-N3E_O2wX.js:10
[ 3377001ms] [ERROR] WebSocket connection to 'ws://localhost:8282/api/v1/ws' failed: HTTP Authentication failed; no valid credentials available @ http://localhost:8282/assets/index-N3E_O2wX.js:10
[ 3407005ms] [ERROR] WebSocket connection to 'ws://localhost:8282/api/v1/ws' failed: HTTP Authentication failed; no valid credentials available @ http://localhost:8282/assets/index-N3E_O2wX.js:10
[ 3437023ms] [ERROR] WebSocket connection to 'ws://localhost:8282/api/v1/ws' failed: HTTP Authentication failed; no valid credentials available @ http://localhost:8282/assets/index-N3E_O2wX.js:10
[ 3467024ms] [ERROR] WebSocket connection to 'ws://localhost:8282/api/v1/ws' failed: HTTP Authentication failed; no valid credentials available @ http://localhost:8282/assets/index-N3E_O2wX.js:10
[ 3497034ms] [ERROR] WebSocket connection to 'ws://localhost:8282/api/v1/ws' failed: HTTP Authentication failed; no valid credentials available @ http://localhost:8282/assets/index-N3E_O2wX.js:10
[ 3527035ms] [ERROR] WebSocket connection to 'ws://localhost:8282/api/v1/ws' failed: HTTP Authentication failed; no valid credentials available @ http://localhost:8282/assets/index-N3E_O2wX.js:10
[ 3557036ms] [ERROR] WebSocket connection to 'ws://localhost:8282/api/v1/ws' failed: HTTP Authentication failed; no valid credentials available @ http://localhost:8282/assets/index-N3E_O2wX.js:10
[ 3587037ms] [ERROR] WebSocket connection to 'ws://localhost:8282/api/v1/ws' failed: HTTP Authentication failed; no valid credentials available @ http://localhost:8282/assets/index-N3E_O2wX.js:10
[ 3617039ms] [ERROR] WebSocket connection to 'ws://localhost:8282/api/v1/ws' failed: HTTP Authentication failed; no valid credentials available @ http://localhost:8282/assets/index-N3E_O2wX.js:10
[ 3647040ms] [ERROR] WebSocket connection to 'ws://localhost:8282/api/v1/ws' failed: HTTP Authentication failed; no valid credentials available @ http://localhost:8282/assets/index-N3E_O2wX.js:10
[ 3677041ms] [ERROR] WebSocket connection to 'ws://localhost:8282/api/v1/ws' failed: HTTP Authentication failed; no valid credentials available @ http://localhost:8282/assets/index-N3E_O2wX.js:10
[ 3707043ms] [ERROR] WebSocket connection to 'ws://localhost:8282/api/v1/ws' failed: HTTP Authentication failed; no valid credentials available @ http://localhost:8282/assets/index-N3E_O2wX.js:10
[ 3737044ms] [ERROR] WebSocket connection to 'ws://localhost:8282/api/v1/ws' failed: HTTP Authentication failed; no valid credentials available @ http://localhost:8282/assets/index-N3E_O2wX.js:10
[ 3767045ms] [ERROR] WebSocket connection to 'ws://localhost:8282/api/v1/ws' failed: HTTP Authentication failed; no valid credentials available @ http://localhost:8282/assets/index-N3E_O2wX.js:10
[ 3797046ms] [ERROR] WebSocket connection to 'ws://localhost:8282/api/v1/ws' failed: HTTP Authentication failed; no valid credentials available @ http://localhost:8282/assets/index-N3E_O2wX.js:10
[ 3827048ms] [ERROR] WebSocket connection to 'ws://localhost:8282/api/v1/ws' failed: HTTP Authentication failed; no valid credentials available @ http://localhost:8282/assets/index-N3E_O2wX.js:10
[ 3857051ms] [ERROR] WebSocket connection to 'ws://localhost:8282/api/v1/ws' failed: HTTP Authentication failed; no valid credentials available @ http://localhost:8282/assets/index-N3E_O2wX.js:10
[ 3887057ms] [ERROR] WebSocket connection to 'ws://localhost:8282/api/v1/ws' failed: HTTP Authentication failed; no valid credentials available @ http://localhost:8282/assets/index-N3E_O2wX.js:10
[ 3917065ms] [ERROR] WebSocket connection to 'ws://localhost:8282/api/v1/ws' failed: HTTP Authentication failed; no valid credentials available @ http://localhost:8282/assets/index-N3E_O2wX.js:10
[ 3947066ms] [ERROR] WebSocket connection to 'ws://localhost:8282/api/v1/ws' failed: HTTP Authentication failed; no valid credentials available @ http://localhost:8282/assets/index-N3E_O2wX.js:10
[ 3977068ms] [ERROR] WebSocket connection to 'ws://localhost:8282/api/v1/ws' failed: HTTP Authentication failed; no valid credentials available @ http://localhost:8282/assets/index-N3E_O2wX.js:10
[ 4007069ms] [ERROR] WebSocket connection to 'ws://localhost:8282/api/v1/ws' failed: HTTP Authentication failed; no valid credentials available @ http://localhost:8282/assets/index-N3E_O2wX.js:10
[ 4037070ms] [ERROR] WebSocket connection to 'ws://localhost:8282/api/v1/ws' failed: HTTP Authentication failed; no valid credentials available @ http://localhost:8282/assets/index-N3E_O2wX.js:10
[ 4067074ms] [ERROR] WebSocket connection to 'ws://localhost:8282/api/v1/ws' failed: HTTP Authentication failed; no valid credentials available @ http://localhost:8282/assets/index-N3E_O2wX.js:10
[ 4097079ms] [ERROR] WebSocket connection to 'ws://localhost:8282/api/v1/ws' failed: HTTP Authentication failed; no valid credentials available @ http://localhost:8282/assets/index-N3E_O2wX.js:10
[ 4127081ms] [ERROR] WebSocket connection to 'ws://localhost:8282/api/v1/ws' failed: HTTP Authentication failed; no valid credentials available @ http://localhost:8282/assets/index-N3E_O2wX.js:10
[ 4157096ms] [ERROR] WebSocket connection to 'ws://localhost:8282/api/v1/ws' failed: HTTP Authentication failed; no valid credentials available @ http://localhost:8282/assets/index-N3E_O2wX.js:10
[ 4187097ms] [ERROR] WebSocket connection to 'ws://localhost:8282/api/v1/ws' failed: HTTP Authentication failed; no valid credentials available @ http://localhost:8282/assets/index-N3E_O2wX.js:10
[ 4217098ms] [ERROR] WebSocket connection to 'ws://localhost:8282/api/v1/ws' failed: HTTP Authentication failed; no valid credentials available @ http://localhost:8282/assets/index-N3E_O2wX.js:10
[ 4247100ms] [ERROR] WebSocket connection to 'ws://localhost:8282/api/v1/ws' failed: HTTP Authentication failed; no valid credentials available @ http://localhost:8282/assets/index-N3E_O2wX.js:10
[ 4277101ms] [ERROR] WebSocket connection to 'ws://localhost:8282/api/v1/ws' failed: HTTP Authentication failed; no valid credentials available @ http://localhost:8282/assets/index-N3E_O2wX.js:10
[ 4307102ms] [ERROR] WebSocket connection to 'ws://localhost:8282/api/v1/ws' failed: HTTP Authentication failed; no valid credentials available @ http://localhost:8282/assets/index-N3E_O2wX.js:10
[ 4337104ms] [ERROR] WebSocket connection to 'ws://localhost:8282/api/v1/ws' failed: HTTP Authentication failed; no valid credentials available @ http://localhost:8282/assets/index-N3E_O2wX.js:10
[ 4367113ms] [ERROR] WebSocket connection to 'ws://localhost:8282/api/v1/ws' failed: HTTP Authentication failed; no valid credentials available @ http://localhost:8282/assets/index-N3E_O2wX.js:10
[ 4397126ms] [ERROR] WebSocket connection to 'ws://localhost:8282/api/v1/ws' failed: HTTP Authentication failed; no valid credentials available @ http://localhost:8282/assets/index-N3E_O2wX.js:10
[ 4427127ms] [ERROR] WebSocket connection to 'ws://localhost:8282/api/v1/ws' failed: HTTP Authentication failed; no valid credentials available @ http://localhost:8282/assets/index-N3E_O2wX.js:10
[ 4457128ms] [ERROR] WebSocket connection to 'ws://localhost:8282/api/v1/ws' failed: HTTP Authentication failed; no valid credentials available @ http://localhost:8282/assets/index-N3E_O2wX.js:10
[ 4487129ms] [ERROR] WebSocket connection to 'ws://localhost:8282/api/v1/ws' failed: HTTP Authentication failed; no valid credentials available @ http://localhost:8282/assets/index-N3E_O2wX.js:10
[ 4517130ms] [ERROR] WebSocket connection to 'ws://localhost:8282/api/v1/ws' failed: HTTP Authentication failed; no valid credentials available @ http://localhost:8282/assets/index-N3E_O2wX.js:10
[ 4547132ms] [ERROR] WebSocket connection to 'ws://localhost:8282/api/v1/ws' failed: HTTP Authentication failed; no valid credentials available @ http://localhost:8282/assets/index-N3E_O2wX.js:10
[ 4577133ms] [ERROR] WebSocket connection to 'ws://localhost:8282/api/v1/ws' failed: HTTP Authentication failed; no valid credentials available @ http://localhost:8282/assets/index-N3E_O2wX.js:10
[ 4607134ms] [ERROR] WebSocket connection to 'ws://localhost:8282/api/v1/ws' failed: HTTP Authentication failed; no valid credentials available @ http://localhost:8282/assets/index-N3E_O2wX.js:10
[ 4637135ms] [ERROR] WebSocket connection to 'ws://localhost:8282/api/v1/ws' failed: HTTP Authentication failed; no valid credentials available @ http://localhost:8282/assets/index-N3E_O2wX.js:10
[ 4667136ms] [ERROR] WebSocket connection to 'ws://localhost:8282/api/v1/ws' failed: HTTP Authentication failed; no valid credentials available @ http://localhost:8282/assets/index-N3E_O2wX.js:10
[ 4697137ms] [ERROR] WebSocket connection to 'ws://localhost:8282/api/v1/ws' failed: HTTP Authentication failed; no valid credentials available @ http://localhost:8282/assets/index-N3E_O2wX.js:10
[ 4727138ms] [ERROR] WebSocket connection to 'ws://localhost:8282/api/v1/ws' failed: HTTP Authentication failed; no valid credentials available @ http://localhost:8282/assets/index-N3E_O2wX.js:10
[ 4757139ms] [ERROR] WebSocket connection to 'ws://localhost:8282/api/v1/ws' failed: HTTP Authentication failed; no valid credentials available @ http://localhost:8282/assets/index-N3E_O2wX.js:10
[ 4787141ms] [ERROR] WebSocket connection to 'ws://localhost:8282/api/v1/ws' failed: HTTP Authentication failed; no valid credentials available @ http://localhost:8282/assets/index-N3E_O2wX.js:10
[ 4817145ms] [ERROR] WebSocket connection to 'ws://localhost:8282/api/v1/ws' failed: HTTP Authentication failed; no valid credentials available @ http://localhost:8282/assets/index-N3E_O2wX.js:10
[ 4847152ms] [ERROR] WebSocket connection to 'ws://localhost:8282/api/v1/ws' failed: HTTP Authentication failed; no valid credentials available @ http://localhost:8282/assets/index-N3E_O2wX.js:10
[ 4877160ms] [ERROR] WebSocket connection to 'ws://localhost:8282/api/v1/ws' failed: HTTP Authentication failed; no valid credentials available @ http://localhost:8282/assets/index-N3E_O2wX.js:10
[ 4907162ms] [ERROR] WebSocket connection to 'ws://localhost:8282/api/v1/ws' failed: HTTP Authentication failed; no valid credentials available @ http://localhost:8282/assets/index-N3E_O2wX.js:10
[ 4937163ms] [ERROR] WebSocket connection to 'ws://localhost:8282/api/v1/ws' failed: HTTP Authentication failed; no valid credentials available @ http://localhost:8282/assets/index-N3E_O2wX.js:10
[ 4967164ms] [ERROR] WebSocket connection to 'ws://localhost:8282/api/v1/ws' failed: HTTP Authentication failed; no valid credentials available @ http://localhost:8282/assets/index-N3E_O2wX.js:10
[ 4997165ms] [ERROR] WebSocket connection to 'ws://localhost:8282/api/v1/ws' failed: HTTP Authentication failed; no valid credentials available @ http://localhost:8282/assets/index-N3E_O2wX.js:10
[ 5027167ms] [ERROR] WebSocket connection to 'ws://localhost:8282/api/v1/ws' failed: HTTP Authentication failed; no valid credentials available @ http://localhost:8282/assets/index-N3E_O2wX.js:10
[ 5057172ms] [ERROR] WebSocket connection to 'ws://localhost:8282/api/v1/ws' failed: HTTP Authentication failed; no valid credentials available @ http://localhost:8282/assets/index-N3E_O2wX.js:10
[ 5087181ms] [ERROR] WebSocket connection to 'ws://localhost:8282/api/v1/ws' failed: HTTP Authentication failed; no valid credentials available @ http://localhost:8282/assets/index-N3E_O2wX.js:10
[ 5117200ms] [ERROR] WebSocket connection to 'ws://localhost:8282/api/v1/ws' failed: HTTP Authentication failed; no valid credentials available @ http://localhost:8282/assets/index-N3E_O2wX.js:10
[ 5147202ms] [ERROR] WebSocket connection to 'ws://localhost:8282/api/v1/ws' failed: HTTP Authentication failed; no valid credentials available @ http://localhost:8282/assets/index-N3E_O2wX.js:10
[ 5177203ms] [ERROR] WebSocket connection to 'ws://localhost:8282/api/v1/ws' failed: HTTP Authentication failed; no valid credentials available @ http://localhost:8282/assets/index-N3E_O2wX.js:10
[ 5207204ms] [ERROR] WebSocket connection to 'ws://localhost:8282/api/v1/ws' failed: HTTP Authentication failed; no valid credentials available @ http://localhost:8282/assets/index-N3E_O2wX.js:10
[ 5237205ms] [ERROR] WebSocket connection to 'ws://localhost:8282/api/v1/ws' failed: HTTP Authentication failed; no valid credentials available @ http://localhost:8282/assets/index-N3E_O2wX.js:10
[ 5267208ms] [ERROR] WebSocket connection to 'ws://localhost:8282/api/v1/ws' failed: HTTP Authentication failed; no valid credentials available @ http://localhost:8282/assets/index-N3E_O2wX.js:10
[ 5297212ms] [ERROR] WebSocket connection to 'ws://localhost:8282/api/v1/ws' failed: HTTP Authentication failed; no valid credentials available @ http://localhost:8282/assets/index-N3E_O2wX.js:10
[ 5327218ms] [ERROR] WebSocket connection to 'ws://localhost:8282/api/v1/ws' failed: HTTP Authentication failed; no valid credentials available @ http://localhost:8282/assets/index-N3E_O2wX.js:10
[ 5357235ms] [ERROR] WebSocket connection to 'ws://localhost:8282/api/v1/ws' failed: HTTP Authentication failed; no valid credentials available @ http://localhost:8282/assets/index-N3E_O2wX.js:10
[ 5387236ms] [ERROR] WebSocket connection to 'ws://localhost:8282/api/v1/ws' failed: HTTP Authentication failed; no valid credentials available @ http://localhost:8282/assets/index-N3E_O2wX.js:10
[ 5417238ms] [ERROR] WebSocket connection to 'ws://localhost:8282/api/v1/ws' failed: HTTP Authentication failed; no valid credentials available @ http://localhost:8282/assets/index-N3E_O2wX.js:10
[ 5447239ms] [ERROR] WebSocket connection to 'ws://localhost:8282/api/v1/ws' failed: HTTP Authentication failed; no valid credentials available @ http://localhost:8282/assets/index-N3E_O2wX.js:10
[ 5477240ms] [ERROR] WebSocket connection to 'ws://localhost:8282/api/v1/ws' failed: HTTP Authentication failed; no valid credentials available @ http://localhost:8282/assets/index-N3E_O2wX.js:10
[ 5507242ms] [ERROR] WebSocket connection to 'ws://localhost:8282/api/v1/ws' failed: HTTP Authentication failed; no valid credentials available @ http://localhost:8282/assets/index-N3E_O2wX.js:10
[ 5537247ms] [ERROR] WebSocket connection to 'ws://localhost:8282/api/v1/ws' failed: HTTP Authentication failed; no valid credentials available @ http://localhost:8282/assets/index-N3E_O2wX.js:10
[ 5567255ms] [ERROR] WebSocket connection to 'ws://localhost:8282/api/v1/ws' failed: HTTP Authentication failed; no valid credentials available @ http://localhost:8282/assets/index-N3E_O2wX.js:10
[ 5597262ms] [ERROR] WebSocket connection to 'ws://localhost:8282/api/v1/ws' failed: HTTP Authentication failed; no valid credentials available @ http://localhost:8282/assets/index-N3E_O2wX.js:10
[ 5627263ms] [ERROR] WebSocket connection to 'ws://localhost:8282/api/v1/ws' failed: HTTP Authentication failed; no valid credentials available @ http://localhost:8282/assets/index-N3E_O2wX.js:10
[ 5657264ms] [ERROR] WebSocket connection to 'ws://localhost:8282/api/v1/ws' failed: HTTP Authentication failed; no valid credentials available @ http://localhost:8282/assets/index-N3E_O2wX.js:10
[ 5687266ms] [ERROR] WebSocket connection to 'ws://localhost:8282/api/v1/ws' failed: HTTP Authentication failed; no valid credentials available @ http://localhost:8282/assets/index-N3E_O2wX.js:10
[ 5717267ms] [ERROR] WebSocket connection to 'ws://localhost:8282/api/v1/ws' failed: HTTP Authentication failed; no valid credentials available @ http://localhost:8282/assets/index-N3E_O2wX.js:10
[ 5747268ms] [ERROR] WebSocket connection to 'ws://localhost:8282/api/v1/ws' failed: HTTP Authentication failed; no valid credentials available @ http://localhost:8282/assets/index-N3E_O2wX.js:10
[ 5777270ms] [ERROR] WebSocket connection to 'ws://localhost:8282/api/v1/ws' failed: HTTP Authentication failed; no valid credentials available @ http://localhost:8282/assets/index-N3E_O2wX.js:10
[ 5807276ms] [ERROR] WebSocket connection to 'ws://localhost:8282/api/v1/ws' failed: HTTP Authentication failed; no valid credentials available @ http://localhost:8282/assets/index-N3E_O2wX.js:10
[ 5837282ms] [ERROR] WebSocket connection to 'ws://localhost:8282/api/v1/ws' failed: HTTP Authentication failed; no valid credentials available @ http://localhost:8282/assets/index-N3E_O2wX.js:10
[ 5867283ms] [ERROR] WebSocket connection to 'ws://localhost:8282/api/v1/ws' failed: HTTP Authentication failed; no valid credentials available @ http://localhost:8282/assets/index-N3E_O2wX.js:10
[ 5897284ms] [ERROR] WebSocket connection to 'ws://localhost:8282/api/v1/ws' failed: HTTP Authentication failed; no valid credentials available @ http://localhost:8282/assets/index-N3E_O2wX.js:10
[ 5927285ms] [ERROR] WebSocket connection to 'ws://localhost:8282/api/v1/ws' failed: HTTP Authentication failed; no valid credentials available @ http://localhost:8282/assets/index-N3E_O2wX.js:10
[ 5957288ms] [ERROR] WebSocket connection to 'ws://localhost:8282/api/v1/ws' failed: HTTP Authentication failed; no valid credentials available @ http://localhost:8282/assets/index-N3E_O2wX.js:10
[ 5987291ms] [ERROR] WebSocket connection to 'ws://localhost:8282/api/v1/ws' failed: HTTP Authentication failed; no valid credentials available @ http://localhost:8282/assets/index-N3E_O2wX.js:10
[ 6017296ms] [ERROR] WebSocket connection to 'ws://localhost:8282/api/v1/ws' failed: HTTP Authentication failed; no valid credentials available @ http://localhost:8282/assets/index-N3E_O2wX.js:10
[ 6047304ms] [ERROR] WebSocket connection to 'ws://localhost:8282/api/v1/ws' failed: HTTP Authentication failed; no valid credentials available @ http://localhost:8282/assets/index-N3E_O2wX.js:10
[ 6077323ms] [ERROR] WebSocket connection to 'ws://localhost:8282/api/v1/ws' failed: HTTP Authentication failed; no valid credentials available @ http://localhost:8282/assets/index-N3E_O2wX.js:10
[ 6107324ms] [ERROR] WebSocket connection to 'ws://localhost:8282/api/v1/ws' failed: HTTP Authentication failed; no valid credentials available @ http://localhost:8282/assets/index-N3E_O2wX.js:10
[ 6137325ms] [ERROR] WebSocket connection to 'ws://localhost:8282/api/v1/ws' failed: HTTP Authentication failed; no valid credentials available @ http://localhost:8282/assets/index-N3E_O2wX.js:10
[ 6167326ms] [ERROR] WebSocket connection to 'ws://localhost:8282/api/v1/ws' failed: HTTP Authentication failed; no valid credentials available @ http://localhost:8282/assets/index-N3E_O2wX.js:10
[ 6197327ms] [ERROR] WebSocket connection to 'ws://localhost:8282/api/v1/ws' failed: HTTP Authentication failed; no valid credentials available @ http://localhost:8282/assets/index-N3E_O2wX.js:10
[ 6227328ms] [ERROR] WebSocket connection to 'ws://localhost:8282/api/v1/ws' failed: HTTP Authentication failed; no valid credentials available @ http://localhost:8282/assets/index-N3E_O2wX.js:10
[ 6257329ms] [ERROR] WebSocket connection to 'ws://localhost:8282/api/v1/ws' failed: HTTP Authentication failed; no valid credentials available @ http://localhost:8282/assets/index-N3E_O2wX.js:10
[ 6287330ms] [ERROR] WebSocket connection to 'ws://localhost:8282/api/v1/ws' failed: HTTP Authentication failed; no valid credentials available @ http://localhost:8282/assets/index-N3E_O2wX.js:10
[ 6317332ms] [ERROR] WebSocket connection to 'ws://localhost:8282/api/v1/ws' failed: HTTP Authentication failed; no valid credentials available @ http://localhost:8282/assets/index-N3E_O2wX.js:10
[ 6347333ms] [ERROR] WebSocket connection to 'ws://localhost:8282/api/v1/ws' failed: HTTP Authentication failed; no valid credentials available @ http://localhost:8282/assets/index-N3E_O2wX.js:10
[ 6377334ms] [ERROR] WebSocket connection to 'ws://localhost:8282/api/v1/ws' failed: HTTP Authentication failed; no valid credentials available @ http://localhost:8282/assets/index-N3E_O2wX.js:10
[ 6407335ms] [ERROR] WebSocket connection to 'ws://localhost:8282/api/v1/ws' failed: HTTP Authentication failed; no valid credentials available @ http://localhost:8282/assets/index-N3E_O2wX.js:10
[ 6437336ms] [ERROR] WebSocket connection to 'ws://localhost:8282/api/v1/ws' failed: HTTP Authentication failed; no valid credentials available @ http://localhost:8282/assets/index-N3E_O2wX.js:10
[ 6467340ms] [ERROR] WebSocket connection to 'ws://localhost:8282/api/v1/ws' failed: HTTP Authentication failed; no valid credentials available @ http://localhost:8282/assets/index-N3E_O2wX.js:10
[ 6497343ms] [ERROR] WebSocket connection to 'ws://localhost:8282/api/v1/ws' failed: HTTP Authentication failed; no valid credentials available @ http://localhost:8282/assets/index-N3E_O2wX.js:10
[ 6527346ms] [ERROR] WebSocket connection to 'ws://localhost:8282/api/v1/ws' failed: HTTP Authentication failed; no valid credentials available @ http://localhost:8282/assets/index-N3E_O2wX.js:10
[ 6557359ms] [ERROR] WebSocket connection to 'ws://localhost:8282/api/v1/ws' failed: HTTP Authentication failed; no valid credentials available @ http://localhost:8282/assets/index-N3E_O2wX.js:10
[ 6587360ms] [ERROR] WebSocket connection to 'ws://localhost:8282/api/v1/ws' failed: HTTP Authentication failed; no valid credentials available @ http://localhost:8282/assets/index-N3E_O2wX.js:10
[ 6617361ms] [ERROR] WebSocket connection to 'ws://localhost:8282/api/v1/ws' failed: HTTP Authentication failed; no valid credentials available @ http://localhost:8282/assets/index-N3E_O2wX.js:10
[ 6647363ms] [ERROR] WebSocket connection to 'ws://localhost:8282/api/v1/ws' failed: HTTP Authentication failed; no valid credentials available @ http://localhost:8282/assets/index-N3E_O2wX.js:10
[ 6677364ms] [ERROR] WebSocket connection to 'ws://localhost:8282/api/v1/ws' failed: HTTP Authentication failed; no valid credentials available @ http://localhost:8282/assets/index-N3E_O2wX.js:10
[ 6707366ms] [ERROR] WebSocket connection to 'ws://localhost:8282/api/v1/ws' failed: HTTP Authentication failed; no valid credentials available @ http://localhost:8282/assets/index-N3E_O2wX.js:10
[ 6737370ms] [ERROR] WebSocket connection to 'ws://localhost:8282/api/v1/ws' failed: HTTP Authentication failed; no valid credentials available @ http://localhost:8282/assets/index-N3E_O2wX.js:10
[ 6767380ms] [ERROR] WebSocket connection to 'ws://localhost:8282/api/v1/ws' failed: HTTP Authentication failed; no valid credentials available @ http://localhost:8282/assets/index-N3E_O2wX.js:10
[ 6797386ms] [ERROR] WebSocket connection to 'ws://localhost:8282/api/v1/ws' failed: HTTP Authentication failed; no valid credentials available @ http://localhost:8282/assets/index-N3E_O2wX.js:10
[ 6827387ms] [ERROR] WebSocket connection to 'ws://localhost:8282/api/v1/ws' failed: HTTP Authentication failed; no valid credentials available @ http://localhost:8282/assets/index-N3E_O2wX.js:10
[ 6857388ms] [ERROR] WebSocket connection to 'ws://localhost:8282/api/v1/ws' failed: HTTP Authentication failed; no valid credentials available @ http://localhost:8282/assets/index-N3E_O2wX.js:10
[ 6887389ms] [ERROR] WebSocket connection to 'ws://localhost:8282/api/v1/ws' failed: HTTP Authentication failed; no valid credentials available @ http://localhost:8282/assets/index-N3E_O2wX.js:10
[ 6917390ms] [ERROR] WebSocket connection to 'ws://localhost:8282/api/v1/ws' failed: HTTP Authentication failed; no valid credentials available @ http://localhost:8282/assets/index-N3E_O2wX.js:10
[ 6947391ms] [ERROR] WebSocket connection to 'ws://localhost:8282/api/v1/ws' failed: HTTP Authentication failed; no valid credentials available @ http://localhost:8282/assets/index-N3E_O2wX.js:10
[ 6977395ms] [ERROR] WebSocket connection to 'ws://localhost:8282/api/v1/ws' failed: HTTP Authentication failed; no valid credentials available @ http://localhost:8282/assets/index-N3E_O2wX.js:10
[ 7007400ms] [ERROR] WebSocket connection to 'ws://localhost:8282/api/v1/ws' failed: HTTP Authentication failed; no valid credentials available @ http://localhost:8282/assets/index-N3E_O2wX.js:10
[ 7037405ms] [ERROR] WebSocket connection to 'ws://localhost:8282/api/v1/ws' failed: HTTP Authentication failed; no valid credentials available @ http://localhost:8282/assets/index-N3E_O2wX.js:10
[ 7067407ms] [ERROR] WebSocket connection to 'ws://localhost:8282/api/v1/ws' failed: HTTP Authentication failed; no valid credentials available @ http://localhost:8282/assets/index-N3E_O2wX.js:10
[ 7097408ms] [ERROR] WebSocket connection to 'ws://localhost:8282/api/v1/ws' failed: HTTP Authentication failed; no valid credentials available @ http://localhost:8282/assets/index-N3E_O2wX.js:10
[ 7127409ms] [ERROR] WebSocket connection to 'ws://localhost:8282/api/v1/ws' failed: HTTP Authentication failed; no valid credentials available @ http://localhost:8282/assets/index-N3E_O2wX.js:10
[ 7157410ms] [ERROR] WebSocket connection to 'ws://localhost:8282/api/v1/ws' failed: HTTP Authentication failed; no valid credentials available @ http://localhost:8282/assets/index-N3E_O2wX.js:10
[ 7187413ms] [ERROR] WebSocket connection to 'ws://localhost:8282/api/v1/ws' failed: HTTP Authentication failed; no valid credentials available @ http://localhost:8282/assets/index-N3E_O2wX.js:10
[ 7217417ms] [ERROR] WebSocket connection to 'ws://localhost:8282/api/v1/ws' failed: HTTP Authentication failed; no valid credentials available @ http://localhost:8282/assets/index-N3E_O2wX.js:10
[ 7247422ms] [ERROR] WebSocket connection to 'ws://localhost:8282/api/v1/ws' failed: HTTP Authentication failed; no valid credentials available @ http://localhost:8282/assets/index-N3E_O2wX.js:10
[ 7277431ms] [ERROR] WebSocket connection to 'ws://localhost:8282/api/v1/ws' failed: HTTP Authentication failed; no valid credentials available @ http://localhost:8282/assets/index-N3E_O2wX.js:10
