[       8ms] [ERROR] Loading the stylesheet 'https://fonts.googleapis.com/css2?family=Inter:wght@400;500;600;700&family=JetBrains+Mono:wght@400;500&display=swap' violates the following Content Security Policy directive: "style-src 'self' 'unsafe-inline'". Note that 'style-src-elem' was not explicitly set, so 'style-src' is used as a fallback. The action has been blocked. @ http://localhost:8282/discover:14
[     143ms] [ERROR] WebSocket connection to 'ws://localhost:8282/api/v1/ws' failed: HTTP Authentication failed; no valid credentials available @ http://localhost:8282/assets/index-wMl_A3Bv.js:10
[    1210ms] [ERROR] WebSocket connection to 'ws://localhost:8282/api/v1/ws' failed: HTTP Authentication failed; no valid credentials available @ http://localhost:8282/assets/index-wMl_A3Bv.js:10
[    3810ms] [ERROR] WebSocket connection to 'ws://localhost:8282/api/v1/ws' failed: HTTP Authentication failed; no valid credentials available @ http://localhost:8282/assets/index-wMl_A3Bv.js:10
[    8915ms] [ERROR] WebSocket connection to 'ws://localhost:8282/api/v1/ws' failed: HTTP Authentication failed; no valid credentials available @ http://localhost:8282/assets/index-wMl_A3Bv.js:10
[   18773ms] [ERROR] WebSocket connection to 'ws://localhost:8282/api/v1/ws' failed: HTTP Authentication failed; no valid credentials available @ http://localhost:8282/assets/index-wMl_A3Bv.js:10
[   38404ms] [ERROR] WebSocket connection to 'ws://localhost:8282/api/v1/ws' failed: HTTP Authentication failed; no valid credentials available @ http://localhost:8282/assets/index-wMl_A3Bv.js:10
[   71652ms] [ERROR] WebSocket connection to 'ws://localhost:8282/api/v1/ws' failed: HTTP Authentication failed; no valid credentials available @ http://localhost:8282/assets/index-wMl_A3Bv.js:10
[  101653ms] [ERROR] WebSocket connection to 'ws://localhost:8282/api/v1/ws' failed: HTTP Authentication failed; no valid credentials available @ http://localhost:8282/assets/index-wMl_A3Bv.js:10
[  131654ms] [ERROR] WebSocket connection to 'ws://localhost:8282/api/v1/ws' failed: HTTP Authentication failed; no valid credentials available @ http://localhost:8282/assets/index-wMl_A3Bv.js:10
[  161655ms] [ERROR] WebSocket connection to 'ws://localhost:8282/api/v1/ws' failed: HTTP Authentication failed; no valid credentials available @ http://localhost:8282/assets/index-wMl_A3Bv.js:10
[  191657ms] [ERROR] WebSocket connection to 'ws://localhost:8282/api/v1/ws' failed: HTTP Authentication failed; no valid credentials available @ http://localhost:8282/assets/index-wMl_A3Bv.js:10
[  221658ms] [ERROR] WebSocket connection to 'ws://localhost:8282/api/v1/ws' failed: HTTP Authentication failed; no valid credentials available @ http://localhost:8282/assets/index-wMl_A3Bv.js:10
[  251662ms] [ERROR] WebSocket connection to 'ws://localhost:8282/api/v1/ws' failed: HTTP Authentication failed; no valid credentials available @ http://localhost:8282/assets/index-wMl_A3Bv.js:10
[  281669ms] [ERROR] WebSocket connection to 'ws://localhost:8282/api/v1/ws' failed: HTTP Authentication failed; no valid credentials available @ http://localhost:8282/assets/index-wMl_A3Bv.js:10
[  311686ms] [ERROR] WebSocket connection to 'ws://localhost:8282/api/v1/ws' failed: HTTP Authentication failed; no valid credentials available @ http://localhost:8282/assets/index-wMl_A3Bv.js:10
[  341687ms] [ERROR] WebSocket connection to 'ws://localhost:8282/api/v1/ws' failed: HTTP Authentication failed; no valid credentials available @ http://localhost:8282/assets/index-wMl_A3Bv.js:10
[  371689ms] [ERROR] WebSocket connection to 'ws://localhost:8282/api/v1/ws' failed: HTTP Authentication failed; no valid credentials available @ http://localhost:8282/assets/index-wMl_A3Bv.js:10
[  401690ms] [ERROR] WebSocket connection to 'ws://localhost:8282/api/v1/ws' failed: HTTP Authentication failed; no valid credentials available @ http://localhost:8282/assets/index-wMl_A3Bv.js:10
[  431691ms] [ERROR] WebSocket connection to 'ws://localhost:8282/api/v1/ws' failed: HTTP Authentication failed; no valid credentials available @ http://localhost:8282/assets/index-wMl_A3Bv.js:10
